{
  "RSpec": {
    "coverage": {
      "/Users/Pablo/Desktop/bae/bae/app/models/user.rb": [
        1,
        1,
        1,
        null,
        null,
        null,
        null,
        1,
        null,
        null,
        1,
        null,
        1,
        1,
        1,
        1,
        1,
        1,
        1,
        null,
        null,
        1,
        1,
        null,
        null,
        1,
        1,
        null,
        null
      ],
      "/Users/Pablo/Desktop/bae/bae/app/uploaders/profile_picture_uploader.rb": [
        1,
        1,
        0,
        null,
        1,
        null,
        null,
        1,
        0,
        null,
        null,
        1,
        60,
        null,
        null
      ],
      "/Users/Pablo/Desktop/bae/bae/app/models/bot.rb": [
        1,
        null,
        1,
        1,
        1,
        1,
        null,
        1,
        1,
        1,
        1,
        1,
        1,
        1,
        1,
        null,
        1,
        null,
        null,
        null,
        null,
        null,
        1,
        61,
        null,
        null,
        1,
        1,
        1,
        null,
        null,
        1,
        0,
        0,
        null,
        null,
        1,
        1,
        1,
        null,
        null,
        null,
        1,
        null,
        null,
        null,
        null,
        null,
        null,
        1,
        0,
        0,
        0,
        null,
        0,
        null,
        0,
        0,
        null,
        null,
        null,
        0,
        null,
        null,
        null,
        null,
        null,
        null,
        1,
        35,
        35,
        23,
        12,
        1,
        null,
        11,
        null,
        null,
        null,
        1,
        12,
        12,
        12,
        null,
        12,
        120,
        1,
        null,
        12,
        6,
        null,
        null,
        20,
        12,
        null,
        null,
        null,
        null,
        12,
        0,
        null,
        12,
        null,
        null,
        null
      ],
      "/Users/Pablo/Desktop/bae/bae/app/models/bots_interaction.rb": [
        1,
        1,
        1,
        null,
        1,
        1,
        null
      ],
      "/Users/Pablo/Desktop/bae/bae/app/models/interaction.rb": [
        1,
        1,
        1,
        null,
        1,
        1,
        null,
        1,
        1,
        1,
        null,
        1,
        387,
        2,
        385,
        2,
        383,
        4,
        379,
        2,
        377,
        0,
        null,
        null,
        null,
        null
      ],
      "/Users/Pablo/Desktop/bae/bae/app/controllers/application_controller.rb": [
        1,
        null,
        null,
        1,
        null,
        1,
        null,
        1,
        null,
        1,
        null,
        null,
        null,
        null,
        null,
        null,
        125,
        null,
        null,
        null,
        null,
        null,
        null,
        125,
        null,
        null,
        1,
        56,
        null,
        null,
        1,
        0,
        null,
        null,
        1,
        1,
        null,
        null
      ],
      "/Users/Pablo/Desktop/bae/bae/app/controllers/users_controller.rb": [
        1,
        1,
        5,
        5,
        1,
        1,
        null,
        4,
        null,
        null,
        null,
        1,
        75,
        null,
        null
      ],
      "/Users/Pablo/Desktop/bae/bae/app/controllers/bots_controller.rb": [
        1,
        null,
        1,
        12,
        12,
        12,
        12,
        12,
        null,
        null,
        1,
        5,
        5,
        5,
        null,
        0,
        null,
        null,
        null,
        1,
        3,
        3,
        3,
        1,
        1,
        null,
        2,
        1,
        1,
        1,
        null,
        1,
        1,
        null,
        null,
        null,
        null,
        1,
        6,
        5,
        1,
        0,
        null,
        1,
        1,
        1,
        null,
        null,
        null,
        1,
        4,
        4,
        4,
        3,
        3,
        null,
        1,
        1,
        null,
        null,
        0,
        0,
        null,
        null,
        null,
        1,
        2,
        2,
        2,
        2,
        2,
        2,
        null,
        0,
        0,
        null,
        null,
        null,
        1,
        null,
        1,
        7,
        null,
        null,
        null,
        null,
        null,
        null,
        null,
        null,
        null,
        null
      ],
      "/Users/Pablo/Desktop/bae/bae/app/controllers/interactions_controller.rb": [
        1,
        1,
        39,
        39,
        39,
        39,
        null,
        null,
        1,
        8,
        8,
        8,
        null,
        0,
        0,
        null,
        null,
        null,
        1,
        6,
        6,
        6,
        6,
        6,
        6,
        null,
        0,
        0,
        null,
        null,
        0,
        0,
        null,
        null,
        null,
        1,
        5,
        5,
        5,
        0,
        0,
        null,
        0,
        0,
        0,
        null,
        null,
        null,
        1,
        4,
        4,
        null,
        4,
        4,
        3,
        3,
        null,
        1,
        1,
        null,
        null,
        0,
        0,
        null,
        null,
        null,
        1,
        3,
        3,
        3,
        3,
        3,
        3,
        null,
        0,
        0,
        null,
        null,
        null,
        1,
        null,
        1,
        10,
        null,
        null,
        null,
        null,
        null,
        null,
        null,
        null,
        null,
        null
      ],
      "/Users/Pablo/Desktop/bae/bae/app/controllers/bots_interactions_controller.rb": [
        1,
        1,
        3,
        3,
        3,
        3,
        3,
        null,
        0,
        0,
        null,
        null,
        null,
        1,
        3,
        3,
        3,
        null,
        null,
        null,
        3,
        3,
        3,
        3,
        null,
        0,
        0,
        null,
        null,
        null,
        1,
        null,
        1,
        3,
        null,
        null,
        null,
        null,
        null
      ],
      "/Users/Pablo/Desktop/bae/bae/app/controllers/homes_controller.rb": [
        1,
        1,
        null,
        null
      ]
    },
    "timestamp": 1444926483
  }
}
