{
  "RSpec": {
    "coverage": {
      "/Users/Pablo/Desktop/bae/bae/app/models/user.rb": [
        1,
        1,
        1,
        null,
        null,
        null,
        null,
        1,
        null,
        null,
        1,
        null,
        1,
        1,
        1,
        1,
        1,
        1,
        null,
        1,
        1,
        null,
        null,
        1,
        0,
        null,
        null
      ],
      "/Users/Pablo/Desktop/bae/bae/app/uploaders/profile_picture_uploader.rb": [
        1,
        1,
        0,
        null,
        1,
        null,
        null,
        1,
        0,
        null,
        null,
        1,
        60,
        null,
        null
      ],
      "/Users/Pablo/Desktop/bae/bae/app/models/bot.rb": [
        1,
        1,
        1,
        1,
        null,
        1,
        1,
        1,
        1,
        1,
        1,
        1,
        1,
        null,
        1,
        null,
        1,
        58,
        null,
        null,
        1,
        0,
        0,
        null,
        null,
        1,
        0,
        0,
        null,
        null,
        null,
        0,
        null,
        null,
        null,
        null,
        null,
        null,
        1,
        0,
        0,
        0,
        null,
        0,
        0,
        0,
        null,
        null,
        null,
        0,
        null,
        null,
        null,
        null,
        null,
        null
      ],
      "/Users/Pablo/Desktop/bae/bae/app/models/bots_interaction.rb": [
        1,
        1,
        1,
        null,
        1,
        1,
        null
      ],
      "/Users/Pablo/Desktop/bae/bae/app/models/interaction.rb": [
        1,
        1,
        1,
        null,
        1,
        1,
        null,
        1,
        1,
        1,
        null,
        1,
        167,
        2,
        165,
        2,
        163,
        4,
        159,
        2,
        157,
        0,
        null,
        null,
        null
      ],
      "/Users/Pablo/Desktop/bae/bae/app/controllers/application_controller.rb": [
        1,
        null,
        null,
        1,
        null,
        1,
        null,
        1,
        null,
        1,
        null,
        null,
        null,
        null,
        null,
        null,
        121,
        null,
        null,
        null,
        null,
        null,
        null,
        121,
        null,
        null,
        1,
        54,
        null,
        null,
        1,
        0,
        null,
        null,
        1,
        1,
        null,
        null
      ],
      "/Users/Pablo/Desktop/bae/bae/app/controllers/users_controller.rb": [
        1,
        1,
        5,
        5,
        1,
        1,
        null,
        4,
        null,
        null,
        null,
        1,
        71,
        null,
        null
      ],
      "/Users/Pablo/Desktop/bae/bae/app/controllers/bots_controller.rb": [
        1,
        null,
        1,
        12,
        12,
        12,
        12,
        12,
        null,
        null,
        1,
        3,
        3,
        3,
        null,
        0,
        null,
        null,
        null,
        1,
        1,
        1,
        1,
        0,
        0,
        null,
        1,
        0,
        0,
        0,
        null,
        1,
        1,
        null,
        null,
        null,
        null,
        1,
        6,
        5,
        1,
        0,
        null,
        1,
        1,
        1,
        null,
        null,
        null,
        1,
        4,
        4,
        4,
        3,
        3,
        null,
        1,
        1,
        null,
        null,
        0,
        0,
        null,
        null,
        null,
        1,
        2,
        2,
        2,
        2,
        2,
        2,
        null,
        0,
        0,
        null,
        null,
        null,
        1,
        null,
        1,
        5,
        null,
        null,
        null,
        null,
        null,
        null,
        null,
        null,
        null,
        null
      ],
      "/Users/Pablo/Desktop/bae/bae/app/controllers/interactions_controller.rb": [
        1,
        1,
        39,
        39,
        39,
        39,
        null,
        null,
        1,
        8,
        8,
        8,
        null,
        0,
        0,
        null,
        null,
        null,
        1,
        6,
        6,
        6,
        6,
        6,
        6,
        null,
        0,
        0,
        null,
        null,
        0,
        0,
        null,
        null,
        null,
        1,
        5,
        5,
        5,
        0,
        0,
        null,
        0,
        0,
        0,
        null,
        null,
        null,
        1,
        4,
        4,
        4,
        3,
        3,
        null,
        1,
        1,
        null,
        null,
        0,
        0,
        null,
        null,
        null,
        1,
        3,
        3,
        3,
        3,
        3,
        3,
        null,
        0,
        0,
        null,
        null,
        null,
        1,
        null,
        1,
        10,
        null,
        null,
        null,
        null,
        null,
        null,
        null,
        null,
        null,
        null
      ],
      "/Users/Pablo/Desktop/bae/bae/app/controllers/bots_interactions_controller.rb": [
        1,
        1,
        3,
        3,
        3,
        3,
        3,
        null,
        0,
        0,
        null,
        null,
        null,
        1,
        3,
        3,
        3,
        null,
        null,
        null,
        3,
        3,
        3,
        3,
        null,
        0,
        0,
        null,
        null,
        null,
        1,
        null,
        1,
        3,
        null,
        null,
        null,
        null,
        null
      ],
      "/Users/Pablo/Desktop/bae/bae/app/controllers/homes_controller.rb": [
        1,
        1,
        null,
        null
      ]
    },
    "timestamp": 1444685206
  }
}
